Pig Stack Trace
---------------
ERROR 1025: <line 21, column 69> Invalid field projection. Projected field [letra] does not exist in schema: group:chararray,data_modified:bag{:tuple(letra:chararray,clave:chararray)}.

org.apache.pig.impl.logicalLayer.FrontendException: ERROR 1066: Unable to open iterator for alias data_counted
	at org.apache.pig.PigServer.openIterator(PigServer.java:1020)
	at org.apache.pig.tools.grunt.GruntParser.processDump(GruntParser.java:782)
	at org.apache.pig.tools.pigscript.parser.PigScriptParser.parse(PigScriptParser.java:383)
	at org.apache.pig.tools.grunt.GruntParser.loadScript(GruntParser.java:561)
	at org.apache.pig.tools.grunt.GruntParser.processScript(GruntParser.java:503)
	at org.apache.pig.tools.pigscript.parser.PigScriptParser.Script(PigScriptParser.java:1037)
	at org.apache.pig.tools.pigscript.parser.PigScriptParser.parse(PigScriptParser.java:561)
	at org.apache.pig.tools.grunt.GruntParser.parseStopOnError(GruntParser.java:230)
	at org.apache.pig.tools.grunt.GruntParser.parseStopOnError(GruntParser.java:205)
	at org.apache.pig.tools.grunt.Grunt.exec(Grunt.java:81)
	at org.apache.pig.Main.run(Main.java:531)
	at org.apache.pig.Main.main(Main.java:175)
	at sun.reflect.NativeMethodAccessorImpl.invoke0(Native Method)
	at sun.reflect.NativeMethodAccessorImpl.invoke(NativeMethodAccessorImpl.java:62)
	at sun.reflect.DelegatingMethodAccessorImpl.invoke(DelegatingMethodAccessorImpl.java:43)
	at java.lang.reflect.Method.invoke(Method.java:498)
	at org.apache.hadoop.util.RunJar.run(RunJar.java:239)
	at org.apache.hadoop.util.RunJar.main(RunJar.java:153)
Caused by: org.apache.pig.PigException: ERROR 1002: Unable to store alias data_counted
	at org.apache.pig.PigServer.storeEx(PigServer.java:1123)
	at org.apache.pig.PigServer.store(PigServer.java:1082)
	at org.apache.pig.PigServer.openIterator(PigServer.java:995)
	... 17 more
Caused by: org.apache.pig.impl.plan.PlanValidationException: ERROR 1025: <line 21, column 69> Invalid field projection. Projected field [letra] does not exist in schema: group:chararray,data_modified:bag{:tuple(letra:chararray,clave:chararray)}.
	at org.apache.pig.newplan.logical.expression.ProjectExpression.findColNum(ProjectExpression.java:191)
	at org.apache.pig.newplan.logical.expression.ProjectExpression.setColumnNumberFromAlias(ProjectExpression.java:174)
	at org.apache.pig.newplan.logical.visitor.ColumnAliasConversionVisitor$1.visit(ColumnAliasConversionVisitor.java:53)
	at org.apache.pig.newplan.logical.expression.ProjectExpression.accept(ProjectExpression.java:215)
	at org.apache.pig.newplan.DependencyOrderWalker.walk(DependencyOrderWalker.java:75)
	at org.apache.pig.newplan.PlanVisitor.visit(PlanVisitor.java:52)
	at org.apache.pig.newplan.logical.optimizer.AllExpressionVisitor.visit(AllExpressionVisitor.java:142)
	at org.apache.pig.newplan.logical.relational.LOInnerLoad.accept(LOInnerLoad.java:128)
	at org.apache.pig.newplan.DependencyOrderWalker.walk(DependencyOrderWalker.java:75)
	at org.apache.pig.newplan.logical.optimizer.AllExpressionVisitor.visit(AllExpressionVisitor.java:124)
	at org.apache.pig.newplan.logical.relational.LOForEach.accept(LOForEach.java:87)
	at org.apache.pig.newplan.DependencyOrderWalker.walk(DependencyOrderWalker.java:75)
	at org.apache.pig.newplan.PlanVisitor.visit(PlanVisitor.java:52)
	at org.apache.pig.newplan.logical.relational.LogicalPlan.validate(LogicalPlan.java:176)
	at org.apache.pig.PigServer$Graph.compile(PigServer.java:1852)
	at org.apache.pig.PigServer$Graph.access$300(PigServer.java:1528)
	at org.apache.pig.PigServer.storeEx(PigServer.java:1118)
	... 19 more
================================================================================
